2026-06-09 17:11:33 - INFO - [] - c.s.SmartwalletRestApiApplication - Starting SmartwalletRestApiApplication using Java 17.0.19 with PID 9828 (D:\demo\NeuroWallet-AI-Fintech-Platform\target\classes started by ABC in D:\demo\NeuroWallet-AI-Fintech-Platform)
2026-06-09 17:11:33 - DEBUG - [] - c.s.SmartwalletRestApiApplication - Running with Spring Boot v3.3.5, Spring v6.1.14
2026-06-09 17:11:33 - INFO - [] - c.s.SmartwalletRestApiApplication - No active profile set, falling back to 1 default profile: "default"
2026-06-09 17:11:36 - INFO - [] - o.s.d.r.c.RepositoryConfigurationDelegate - Multiple Spring Data modules found, entering strict repository configuration mode
2026-06-09 17:11:36 - INFO - [] - o.s.d.r.c.RepositoryConfigurationDelegate - Bootstrapping Spring Data JPA repositories in DEFAULT mode.
2026-06-09 17:11:36 - INFO - [] - o.s.d.r.c.RepositoryConfigurationDelegate - Finished Spring Data repository scanning in 344 ms. Found 8 JPA repository interfaces.
2026-06-09 17:11:36 - INFO - [] - o.s.d.r.c.RepositoryConfigurationDelegate - Multiple Spring Data modules found, entering strict repository configuration mode
2026-06-09 17:11:36 - INFO - [] - o.s.d.r.c.RepositoryConfigurationDelegate - Bootstrapping Spring Data Redis repositories in DEFAULT mode.
2026-06-09 17:11:37 - INFO - [] - o.s.d.r.c.RepositoryConfigurationExtensionSupport - Spring Data Redis - Could not safely identify store assignment for repository candidate interface com.smartwallet.repository.AuditLogRepository; If you want this repository to be a Redis repository, consider annotating your entities with one of these annotations: org.springframework.data.redis.core.RedisHash (preferred), or consider extending one of the following types with your repository: org.springframework.data.keyvalue.repository.KeyValueRepository
2026-06-09 17:11:37 - INFO - [] - o.s.d.r.c.RepositoryConfigurationExtensionSupport - Spring Data Redis - Could not safely identify store assignment for repository candidate interface com.smartwallet.repository.OtpRepository; If you want this repository to be a Redis repository, consider annotating your entities with one of these annotations: org.springframework.data.redis.core.RedisHash (preferred), or consider extending one of the following types with your repository: org.springframework.data.keyvalue.repository.KeyValueRepository
2026-06-09 17:11:37 - INFO - [] - o.s.d.r.c.RepositoryConfigurationExtensionSupport - Spring Data Redis - Could not safely identify store assignment for repository candidate interface com.smartwallet.repository.PasswordResetTokenRepository; If you want this repository to be a Redis repository, consider annotating your entities with one of these annotations: org.springframework.data.redis.core.RedisHash (preferred), or consider extending one of the following types with your repository: org.springframework.data.keyvalue.repository.KeyValueRepository
2026-06-09 17:11:37 - INFO - [] - o.s.d.r.c.RepositoryConfigurationExtensionSupport - Spring Data Redis - Could not safely identify store assignment for repository candidate interface com.smartwallet.repository.RefreshTokenRepository; If you want this repository to be a Redis repository, consider annotating your entities with one of these annotations: org.springframework.data.redis.core.RedisHash (preferred), or consider extending one of the following types with your repository: org.springframework.data.keyvalue.repository.KeyValueRepository
2026-06-09 17:11:37 - INFO - [] - o.s.d.r.c.RepositoryConfigurationExtensionSupport - Spring Data Redis - Could not safely identify store assignment for repository candidate interface com.smartwallet.repository.ScheduledTransactionRepository; If you want this repository to be a Redis repository, consider annotating your entities with one of these annotations: org.springframework.data.redis.core.RedisHash (preferred), or consider extending one of the following types with your repository: org.springframework.data.keyvalue.repository.KeyValueRepository
2026-06-09 17:11:37 - INFO - [] - o.s.d.r.c.RepositoryConfigurationExtensionSupport - Spring Data Redis - Could not safely identify store assignment for repository candidate interface com.smartwallet.repository.TransactionRepository; If you want this repository to be a Redis repository, consider annotating your entities with one of these annotations: org.springframework.data.redis.core.RedisHash (preferred), or consider extending one of the following types with your repository: org.springframework.data.keyvalue.repository.KeyValueRepository
2026-06-09 17:11:37 - INFO - [] - o.s.d.r.c.RepositoryConfigurationExtensionSupport - Spring Data Redis - Could not safely identify store assignment for repository candidate interface com.smartwallet.repository.UserRepository; If you want this repository to be a Redis repository, consider annotating your entities with one of these annotations: org.springframework.data.redis.core.RedisHash (preferred), or consider extending one of the following types with your repository: org.springframework.data.keyvalue.repository.KeyValueRepository
2026-06-09 17:11:37 - INFO - [] - o.s.d.r.c.RepositoryConfigurationExtensionSupport - Spring Data Redis - Could not safely identify store assignment for repository candidate interface com.smartwallet.repository.WalletRepository; If you want this repository to be a Redis repository, consider annotating your entities with one of these annotations: org.springframework.data.redis.core.RedisHash (preferred), or consider extending one of the following types with your repository: org.springframework.data.keyvalue.repository.KeyValueRepository
2026-06-09 17:11:37 - INFO - [] - o.s.d.r.c.RepositoryConfigurationDelegate - Finished Spring Data repository scanning in 68 ms. Found 0 Redis repository interfaces.
2026-06-09 17:11:39 - INFO - [] - o.s.b.w.e.tomcat.TomcatWebServer - Tomcat initialized with port 8080 (http)
2026-06-09 17:11:39 - INFO - [] - o.a.catalina.core.StandardService - Starting service [Tomcat]
2026-06-09 17:11:39 - INFO - [] - o.a.catalina.core.StandardEngine - Starting Servlet engine: [Apache Tomcat/10.1.31]
2026-06-09 17:11:40 - INFO - [] - o.a.c.c.C.[Tomcat].[localhost].[/] - Initializing Spring embedded WebApplicationContext
2026-06-09 17:11:40 - INFO - [] - o.s.b.w.s.c.ServletWebServerApplicationContext - Root WebApplicationContext: initialization completed in 6485 ms
2026-06-09 17:11:41 - INFO - [] - o.h.jpa.internal.util.LogHelper - HHH000204: Processing PersistenceUnitInfo [name: default]
2026-06-09 17:11:41 - INFO - [] - org.hibernate.Version - HHH000412: Hibernate ORM core version 6.5.3.Final
2026-06-09 17:11:41 - INFO - [] - o.h.c.i.RegionFactoryInitiator - HHH000026: Second-level cache disabled
2026-06-09 17:11:42 - INFO - [] - o.s.o.j.p.SpringPersistenceUnitInfo - No LoadTimeWeaver setup: ignoring JPA class transformer
2026-06-09 17:11:42 - INFO - [] - com.zaxxer.hikari.HikariDataSource - HikariPool-1 - Starting...
2026-06-09 17:11:43 - INFO - [] - com.zaxxer.hikari.pool.HikariPool - HikariPool-1 - Added connection com.mysql.cj.jdbc.ConnectionImpl@57a0c261
2026-06-09 17:11:43 - INFO - [] - com.zaxxer.hikari.HikariDataSource - HikariPool-1 - Start completed.
2026-06-09 17:11:43 - WARN - [] - org.hibernate.orm.deprecation - HHH90000025: MySQLDialect does not need to be specified explicitly using 'hibernate.dialect' (remove the property setting and it will be selected by default)
2026-06-09 17:11:47 - INFO - [] - o.h.e.t.j.p.i.JtaPlatformInitiator - HHH000489: No JTA platform available (set 'hibernate.transaction.jta.platform' to enable JTA platform integration)
2026-06-09 17:11:47 - INFO - [] - o.s.o.j.LocalContainerEntityManagerFactoryBean - Initialized JPA EntityManagerFactory for persistence unit 'default'
2026-06-09 17:11:48 - DEBUG - [] - com.smartwallet.security.JwtFilter - Filter 'jwtFilter' configured for use
2026-06-09 17:11:48 - DEBUG - [] - c.s.f.RequestResponseLoggingFilter - Filter 'requestResponseLoggingFilter' configured for use
2026-06-09 17:11:50 - WARN - [] - o.s.b.a.o.j.JpaBaseConfiguration$JpaWebConfiguration - spring.jpa.open-in-view is enabled by default. Therefore, database queries may be performed during view rendering. Explicitly configure spring.jpa.open-in-view to disable this warning
2026-06-09 17:11:51 - INFO - [] - o.s.s.c.a.a.c.InitializeUserDetailsBeanManagerConfigurer$InitializeUserDetailsManagerConfigurer - Global AuthenticationManager configured with UserDetailsService bean with name customUserDetailsService
2026-06-09 17:11:52 - INFO - [] - o.s.b.a.e.web.EndpointLinksResolver - Exposing 3 endpoints beneath base path '/actuator'
2026-06-09 17:11:55 - INFO - [] - o.s.b.w.e.tomcat.TomcatWebServer - Tomcat started on port 8080 (http) with context path '/'
2026-06-09 17:11:56 - INFO - [] - o.a.c.c.C.[Tomcat].[localhost].[/] - Initializing Spring DispatcherServlet 'dispatcherServlet'
2026-06-09 17:11:56 - INFO - [] - o.s.web.servlet.DispatcherServlet - Initializing Servlet 'dispatcherServlet'
2026-06-09 17:11:56 - INFO - [] - o.s.web.servlet.DispatcherServlet - Completed initialization in 7 ms
2026-06-09 17:11:56 - INFO - [a7d09993-10af-4f36-99ae-549f3b8e7d56] - c.s.f.RequestResponseLoggingFilter - Incoming Request | RequestId: a7d09993-10af-4f36-99ae-549f3b8e7d56 | Method: GET | URI: /swagger-ui/index.html
2026-06-09 17:11:56 - INFO - [a7d09993-10af-4f36-99ae-549f3b8e7d56] - c.s.f.RequestResponseLoggingFilter - Completed Request | RequestId: a7d09993-10af-4f36-99ae-549f3b8e7d56 | Method: GET | URI: /swagger-ui/index.html | Status: 200 | TimeTaken: 133 ms
2026-06-09 17:11:56 - INFO - [] - c.s.SmartwalletRestApiApplication - Started SmartwalletRestApiApplication in 24.103 seconds (process running for 24.693)
2026-06-09 17:11:56 - INFO - [355b192e-132a-4b7b-897f-f26e34bbd4d8] - c.s.f.RequestResponseLoggingFilter - Incoming Request | RequestId: 355b192e-132a-4b7b-897f-f26e34bbd4d8 | Method: GET | URI: /swagger-ui/swagger-ui.css
2026-06-09 17:11:56 - INFO - [5f72789b-3cdd-480a-a608-fe98e699f5a8] - c.s.f.RequestResponseLoggingFilter - Incoming Request | RequestId: 5f72789b-3cdd-480a-a608-fe98e699f5a8 | Method: GET | URI: /swagger-ui/index.css
2026-06-09 17:11:56 - INFO - [b4e08b14-c7ed-4c62-a66d-425de758a1dc] - c.s.f.RequestResponseLoggingFilter - Incoming Request | RequestId: b4e08b14-c7ed-4c62-a66d-425de758a1dc | Method: GET | URI: /swagger-ui/swagger-ui-bundle.js
2026-06-09 17:11:56 - INFO - [0cc623f2-761e-401e-bd4c-42d15c023f79] - c.s.f.RequestResponseLoggingFilter - Incoming Request | RequestId: 0cc623f2-761e-401e-bd4c-42d15c023f79 | Method: GET | URI: /swagger-ui/swagger-ui-standalone-preset.js
2026-06-09 17:11:56 - INFO - [1f6046e1-7a7c-4b05-85b0-4ce122ee56f3] - c.s.f.RequestResponseLoggingFilter - Incoming Request | RequestId: 1f6046e1-7a7c-4b05-85b0-4ce122ee56f3 | Method: GET | URI: /swagger-ui/swagger-initializer.js
2026-06-09 17:11:56 - INFO - [355b192e-132a-4b7b-897f-f26e34bbd4d8] - c.s.f.RequestResponseLoggingFilter - Completed Request | RequestId: 355b192e-132a-4b7b-897f-f26e34bbd4d8 | Method: GET | URI: /swagger-ui/swagger-ui.css | Status: 200 | TimeTaken: 26 ms
2026-06-09 17:11:56 - INFO - [5f72789b-3cdd-480a-a608-fe98e699f5a8] - c.s.f.RequestResponseLoggingFilter - Completed Request | RequestId: 5f72789b-3cdd-480a-a608-fe98e699f5a8 | Method: GET | URI: /swagger-ui/index.css | Status: 200 | TimeTaken: 35 ms
2026-06-09 17:11:56 - INFO - [0cc623f2-761e-401e-bd4c-42d15c023f79] - c.s.f.RequestResponseLoggingFilter - Completed Request | RequestId: 0cc623f2-761e-401e-bd4c-42d15c023f79 | Method: GET | URI: /swagger-ui/swagger-ui-standalone-preset.js | Status: 200 | TimeTaken: 68 ms
2026-06-09 17:11:56 - INFO - [b4e08b14-c7ed-4c62-a66d-425de758a1dc] - c.s.f.RequestResponseLoggingFilter - Completed Request | RequestId: b4e08b14-c7ed-4c62-a66d-425de758a1dc | Method: GET | URI: /swagger-ui/swagger-ui-bundle.js | Status: 200 | TimeTaken: 125 ms
2026-06-09 17:11:57 - INFO - [1f6046e1-7a7c-4b05-85b0-4ce122ee56f3] - c.s.f.RequestResponseLoggingFilter - Completed Request | RequestId: 1f6046e1-7a7c-4b05-85b0-4ce122ee56f3 | Method: GET | URI: /swagger-ui/swagger-initializer.js | Status: 200 | TimeTaken: 223 ms
2026-06-09 17:11:57 - INFO - [168671f9-d0af-4c75-874e-ee89afb918e4] - c.s.f.RequestResponseLoggingFilter - Incoming Request | RequestId: 168671f9-d0af-4c75-874e-ee89afb918e4 | Method: GET | URI: /swagger-ui/favicon-32x32.png
2026-06-09 17:11:57 - INFO - [fce90577-5609-42ec-89a7-7143e00419ff] - c.s.f.RequestResponseLoggingFilter - Incoming Request | RequestId: fce90577-5609-42ec-89a7-7143e00419ff | Method: GET | URI: /v3/api-docs/swagger-config
2026-06-09 17:11:57 - INFO - [168671f9-d0af-4c75-874e-ee89afb918e4] - c.s.f.RequestResponseLoggingFilter - Completed Request | RequestId: 168671f9-d0af-4c75-874e-ee89afb918e4 | Method: GET | URI: /swagger-ui/favicon-32x32.png | Status: 200 | TimeTaken: 15 ms
2026-06-09 17:11:57 - INFO - [fce90577-5609-42ec-89a7-7143e00419ff] - c.s.f.RequestResponseLoggingFilter - Completed Request | RequestId: fce90577-5609-42ec-89a7-7143e00419ff | Method: GET | URI: /v3/api-docs/swagger-config | Status: 200 | TimeTaken: 70 ms
2026-06-09 17:11:57 - INFO - [08534223-1de4-4049-996c-83308f67bbee] - c.s.f.RequestResponseLoggingFilter - Incoming Request | RequestId: 08534223-1de4-4049-996c-83308f67bbee | Method: GET | URI: /v3/api-docs
2026-06-09 17:11:59 - INFO - [08534223-1de4-4049-996c-83308f67bbee] - o.s.api.AbstractOpenApiResource - Init duration for springdoc-openapi is: 1673 ms
2026-06-09 17:11:59 - INFO - [08534223-1de4-4049-996c-83308f67bbee] - c.s.f.RequestResponseLoggingFilter - Completed Request | RequestId: 08534223-1de4-4049-996c-83308f67bbee | Method: GET | URI: /v3/api-docs | Status: 200 | TimeTaken: 1793 ms
2026-06-09 17:16:39 - INFO - [] - o.s.o.j.LocalContainerEntityManagerFactoryBean - Closing JPA EntityManagerFactory for persistence unit 'default'
2026-06-09 17:16:39 - INFO - [] - com.zaxxer.hikari.HikariDataSource - HikariPool-1 - Shutdown initiated...
2026-06-09 17:16:39 - INFO - [] - com.zaxxer.hikari.HikariDataSource - HikariPool-1 - Shutdown completed.
2026-06-09 17:17:29 - INFO - [] - c.s.SmartwalletRestApiApplication - Starting SmartwalletRestApiApplication using Java 17.0.19 with PID 10884 (D:\demo\NeuroWallet-AI-Fintech-Platform\target\classes started by ABC in D:\demo\NeuroWallet-AI-Fintech-Platform)
2026-06-09 17:17:29 - DEBUG - [] - c.s.SmartwalletRestApiApplication - Running with Spring Boot v3.3.5, Spring v6.1.14
2026-06-09 17:17:29 - INFO - [] - c.s.SmartwalletRestApiApplication - No active profile set, falling back to 1 default profile: "default"
2026-06-09 17:17:33 - INFO - [] - o.s.d.r.c.RepositoryConfigurationDelegate - Multiple Spring Data modules found, entering strict repository configuration mode
2026-06-09 17:17:33 - INFO - [] - o.s.d.r.c.RepositoryConfigurationDelegate - Bootstrapping Spring Data JPA repositories in DEFAULT mode.
2026-06-09 17:17:33 - INFO - [] - o.s.d.r.c.RepositoryConfigurationDelegate - Finished Spring Data repository scanning in 620 ms. Found 8 JPA repository interfaces.
2026-06-09 17:17:33 - INFO - [] - o.s.d.r.c.RepositoryConfigurationDelegate - Multiple Spring Data modules found, entering strict repository configuration mode
2026-06-09 17:17:33 - INFO - [] - o.s.d.r.c.RepositoryConfigurationDelegate - Bootstrapping Spring Data Redis repositories in DEFAULT mode.
2026-06-09 17:17:33 - INFO - [] - o.s.d.r.c.RepositoryConfigurationExtensionSupport - Spring Data Redis - Could not safely identify store assignment for repository candidate interface com.smartwallet.repository.AuditLogRepository; If you want this repository to be a Redis repository, consider annotating your entities with one of these annotations: org.springframework.data.redis.core.RedisHash (preferred), or consider extending one of the following types with your repository: org.springframework.data.keyvalue.repository.KeyValueRepository
2026-06-09 17:17:33 - INFO - [] - o.s.d.r.c.RepositoryConfigurationExtensionSupport - Spring Data Redis - Could not safely identify store assignment for repository candidate interface com.smartwallet.repository.OtpRepository; If you want this repository to be a Redis repository, consider annotating your entities with one of these annotations: org.springframework.data.redis.core.RedisHash (preferred), or consider extending one of the following types with your repository: org.springframework.data.keyvalue.repository.KeyValueRepository
2026-06-09 17:17:33 - INFO - [] - o.s.d.r.c.RepositoryConfigurationExtensionSupport - Spring Data Redis - Could not safely identify store assignment for repository candidate interface com.smartwallet.repository.PasswordResetTokenRepository; If you want this repository to be a Redis repository, consider annotating your entities with one of these annotations: org.springframework.data.redis.core.RedisHash (preferred), or consider extending one of the following types with your repository: org.springframework.data.keyvalue.repository.KeyValueRepository
2026-06-09 17:17:33 - INFO - [] - o.s.d.r.c.RepositoryConfigurationExtensionSupport - Spring Data Redis - Could not safely identify store assignment for repository candidate interface com.smartwallet.repository.RefreshTokenRepository; If you want this repository to be a Redis repository, consider annotating your entities with one of these annotations: org.springframework.data.redis.core.RedisHash (preferred), or consider extending one of the following types with your repository: org.springframework.data.keyvalue.repository.KeyValueRepository
2026-06-09 17:17:33 - INFO - [] - o.s.d.r.c.RepositoryConfigurationExtensionSupport - Spring Data Redis - Could not safely identify store assignment for repository candidate interface com.smartwallet.repository.ScheduledTransactionRepository; If you want this repository to be a Redis repository, consider annotating your entities with one of these annotations: org.springframework.data.redis.core.RedisHash (preferred), or consider extending one of the following types with your repository: org.springframework.data.keyvalue.repository.KeyValueRepository
2026-06-09 17:17:33 - INFO - [] - o.s.d.r.c.RepositoryConfigurationExtensionSupport - Spring Data Redis - Could not safely identify store assignment for repository candidate interface com.smartwallet.repository.TransactionRepository; If you want this repository to be a Redis repository, consider annotating your entities with one of these annotations: org.springframework.data.redis.core.RedisHash (preferred), or consider extending one of the following types with your repository: org.springframework.data.keyvalue.repository.KeyValueRepository
2026-06-09 17:17:33 - INFO - [] - o.s.d.r.c.RepositoryConfigurationExtensionSupport - Spring Data Redis - Could not safely identify store assignment for repository candidate interface com.smartwallet.repository.UserRepository; If you want this repository to be a Redis repository, consider annotating your entities with one of these annotations: org.springframework.data.redis.core.RedisHash (preferred), or consider extending one of the following types with your repository: org.springframework.data.keyvalue.repository.KeyValueRepository
2026-06-09 17:17:33 - INFO - [] - o.s.d.r.c.RepositoryConfigurationExtensionSupport - Spring Data Redis - Could not safely identify store assignment for repository candidate interface com.smartwallet.repository.WalletRepository; If you want this repository to be a Redis repository, consider annotating your entities with one of these annotations: org.springframework.data.redis.core.RedisHash (preferred), or consider extending one of the following types with your repository: org.springframework.data.keyvalue.repository.KeyValueRepository
2026-06-09 17:17:33 - INFO - [] - o.s.d.r.c.RepositoryConfigurationDelegate - Finished Spring Data repository scanning in 64 ms. Found 0 Redis repository interfaces.
2026-06-09 17:17:36 - INFO - [] - o.s.b.w.e.tomcat.TomcatWebServer - Tomcat initialized with port 8080 (http)
2026-06-09 17:17:37 - INFO - [] - o.a.catalina.core.StandardService - Starting service [Tomcat]
2026-06-09 17:17:37 - INFO - [] - o.a.catalina.core.StandardEngine - Starting Servlet engine: [Apache Tomcat/10.1.31]
2026-06-09 17:17:37 - INFO - [] - o.a.c.c.C.[Tomcat].[localhost].[/] - Initializing Spring embedded WebApplicationContext
2026-06-09 17:17:37 - INFO - [] - o.s.b.w.s.c.ServletWebServerApplicationContext - Root WebApplicationContext: initialization completed in 7498 ms
2026-06-09 17:17:38 - INFO - [] - o.h.jpa.internal.util.LogHelper - HHH000204: Processing PersistenceUnitInfo [name: default]
2026-06-09 17:17:38 - INFO - [] - org.hibernate.Version - HHH000412: Hibernate ORM core version 6.5.3.Final
2026-06-09 17:17:38 - INFO - [] - o.h.c.i.RegionFactoryInitiator - HHH000026: Second-level cache disabled
2026-06-09 17:17:39 - INFO - [] - o.s.o.j.p.SpringPersistenceUnitInfo - No LoadTimeWeaver setup: ignoring JPA class transformer
2026-06-09 17:17:39 - INFO - [] - com.zaxxer.hikari.HikariDataSource - HikariPool-1 - Starting...
2026-06-09 17:17:40 - INFO - [] - com.zaxxer.hikari.pool.HikariPool - HikariPool-1 - Added connection com.mysql.cj.jdbc.ConnectionImpl@2fc435e9
2026-06-09 17:17:40 - INFO - [] - com.zaxxer.hikari.HikariDataSource - HikariPool-1 - Start completed.
2026-06-09 17:17:40 - WARN - [] - org.hibernate.orm.deprecation - HHH90000025: MySQLDialect does not need to be specified explicitly using 'hibernate.dialect' (remove the property setting and it will be selected by default)
2026-06-09 17:17:42 - INFO - [] - o.h.e.t.j.p.i.JtaPlatformInitiator - HHH000489: No JTA platform available (set 'hibernate.transaction.jta.platform' to enable JTA platform integration)
2026-06-09 17:17:43 - INFO - [] - o.s.o.j.LocalContainerEntityManagerFactoryBean - Initialized JPA EntityManagerFactory for persistence unit 'default'
2026-06-09 17:17:44 - DEBUG - [] - com.smartwallet.security.JwtFilter - Filter 'jwtFilter' configured for use
2026-06-09 17:17:44 - DEBUG - [] - c.s.f.RequestResponseLoggingFilter - Filter 'requestResponseLoggingFilter' configured for use
2026-06-09 17:17:46 - WARN - [] - o.s.b.a.o.j.JpaBaseConfiguration$JpaWebConfiguration - spring.jpa.open-in-view is enabled by default. Therefore, database queries may be performed during view rendering. Explicitly configure spring.jpa.open-in-view to disable this warning
2026-06-09 17:17:46 - INFO - [] - o.s.s.c.a.a.c.InitializeUserDetailsBeanManagerConfigurer$InitializeUserDetailsManagerConfigurer - Global AuthenticationManager configured with UserDetailsService bean with name customUserDetailsService
2026-06-09 17:17:48 - INFO - [] - o.s.b.a.e.web.EndpointLinksResolver - Exposing 3 endpoints beneath base path '/actuator'
2026-06-09 17:17:51 - INFO - [] - o.s.b.w.e.tomcat.TomcatWebServer - Tomcat started on port 8080 (http) with context path '/'
2026-06-09 17:17:52 - INFO - [] - c.s.SmartwalletRestApiApplication - Started SmartwalletRestApiApplication in 23.882 seconds (process running for 24.75)
2026-06-09 17:17:56 - INFO - [] - o.a.c.c.C.[Tomcat].[localhost].[/] - Initializing Spring DispatcherServlet 'dispatcherServlet'
2026-06-09 17:17:56 - INFO - [] - o.s.web.servlet.DispatcherServlet - Initializing Servlet 'dispatcherServlet'
2026-06-09 17:17:56 - INFO - [] - o.s.web.servlet.DispatcherServlet - Completed initialization in 7 ms
2026-06-09 17:17:56 - INFO - [8af71175-cfd3-4ff6-b624-e4b78d23b370] - c.s.f.RequestResponseLoggingFilter - Incoming Request | RequestId: 8af71175-cfd3-4ff6-b624-e4b78d23b370 | Method: GET | URI: /swagger-ui/index.html
2026-06-09 17:17:56 - INFO - [8af71175-cfd3-4ff6-b624-e4b78d23b370] - c.s.f.RequestResponseLoggingFilter - Completed Request | RequestId: 8af71175-cfd3-4ff6-b624-e4b78d23b370 | Method: GET | URI: /swagger-ui/index.html | Status: 200 | TimeTaken: 49 ms
2026-06-09 17:17:56 - INFO - [1ad837ab-1487-4782-b4e8-a25afc3cca90] - c.s.f.RequestResponseLoggingFilter - Incoming Request | RequestId: 1ad837ab-1487-4782-b4e8-a25afc3cca90 | Method: GET | URI: /swagger-ui/swagger-ui.css
2026-06-09 17:17:56 - INFO - [8aa5b429-d7fb-4cd5-8ee2-c24d0177c1eb] - c.s.f.RequestResponseLoggingFilter - Incoming Request | RequestId: 8aa5b429-d7fb-4cd5-8ee2-c24d0177c1eb | Method: GET | URI: /swagger-ui/index.css
2026-06-09 17:17:56 - INFO - [2a633fa5-5dd6-4bae-8f1d-a35c10feefb6] - c.s.f.RequestResponseLoggingFilter - Incoming Request | RequestId: 2a633fa5-5dd6-4bae-8f1d-a35c10feefb6 | Method: GET | URI: /swagger-ui/swagger-ui-bundle.js
2026-06-09 17:17:56 - INFO - [8aa5b429-d7fb-4cd5-8ee2-c24d0177c1eb] - c.s.f.RequestResponseLoggingFilter - Completed Request | RequestId: 8aa5b429-d7fb-4cd5-8ee2-c24d0177c1eb | Method: GET | URI: /swagger-ui/index.css | Status: 200 | TimeTaken: 27 ms
2026-06-09 17:17:56 - INFO - [1ad837ab-1487-4782-b4e8-a25afc3cca90] - c.s.f.RequestResponseLoggingFilter - Completed Request | RequestId: 1ad837ab-1487-4782-b4e8-a25afc3cca90 | Method: GET | URI: /swagger-ui/swagger-ui.css | Status: 200 | TimeTaken: 32 ms
2026-06-09 17:17:57 - INFO - [2a633fa5-5dd6-4bae-8f1d-a35c10feefb6] - c.s.f.RequestResponseLoggingFilter - Completed Request | RequestId: 2a633fa5-5dd6-4bae-8f1d-a35c10feefb6 | Method: GET | URI: /swagger-ui/swagger-ui-bundle.js | Status: 200 | TimeTaken: 84 ms
2026-06-09 17:17:57 - INFO - [d77a4582-ae8a-40a5-8e15-cb017f3c33e3] - c.s.f.RequestResponseLoggingFilter - Incoming Request | RequestId: d77a4582-ae8a-40a5-8e15-cb017f3c33e3 | Method: GET | URI: /swagger-ui/swagger-ui-standalone-preset.js
2026-06-09 17:17:57 - INFO - [b61366ea-6980-4892-9b90-f39f4be84599] - c.s.f.RequestResponseLoggingFilter - Incoming Request | RequestId: b61366ea-6980-4892-9b90-f39f4be84599 | Method: GET | URI: /swagger-ui/swagger-initializer.js
2026-06-09 17:17:57 - INFO - [d77a4582-ae8a-40a5-8e15-cb017f3c33e3] - c.s.f.RequestResponseLoggingFilter - Completed Request | RequestId: d77a4582-ae8a-40a5-8e15-cb017f3c33e3 | Method: GET | URI: /swagger-ui/swagger-ui-standalone-preset.js | Status: 200 | TimeTaken: 24 ms
2026-06-09 17:17:57 - INFO - [b61366ea-6980-4892-9b90-f39f4be84599] - c.s.f.RequestResponseLoggingFilter - Completed Request | RequestId: b61366ea-6980-4892-9b90-f39f4be84599 | Method: GET | URI: /swagger-ui/swagger-initializer.js | Status: 200 | TimeTaken: 69 ms
2026-06-09 17:17:57 - INFO - [9a374aa6-6e14-4da2-bd8e-7a53404900b9] - c.s.f.RequestResponseLoggingFilter - Incoming Request | RequestId: 9a374aa6-6e14-4da2-bd8e-7a53404900b9 | Method: GET | URI: /v3/api-docs/swagger-config
2026-06-09 17:17:57 - INFO - [c6fdfe17-2ef3-4559-98ce-f3aeaa89e13b] - c.s.f.RequestResponseLoggingFilter - Incoming Request | RequestId: c6fdfe17-2ef3-4559-98ce-f3aeaa89e13b | Method: GET | URI: /swagger-ui/favicon-32x32.png
2026-06-09 17:17:57 - INFO - [c6fdfe17-2ef3-4559-98ce-f3aeaa89e13b] - c.s.f.RequestResponseLoggingFilter - Completed Request | RequestId: c6fdfe17-2ef3-4559-98ce-f3aeaa89e13b | Method: GET | URI: /swagger-ui/favicon-32x32.png | Status: 200 | TimeTaken: 13 ms
2026-06-09 17:17:57 - INFO - [9a374aa6-6e14-4da2-bd8e-7a53404900b9] - c.s.f.RequestResponseLoggingFilter - Completed Request | RequestId: 9a374aa6-6e14-4da2-bd8e-7a53404900b9 | Method: GET | URI: /v3/api-docs/swagger-config | Status: 200 | TimeTaken: 81 ms
2026-06-09 17:17:57 - INFO - [17a7289d-4814-49ae-be1b-650accebb559] - c.s.f.RequestResponseLoggingFilter - Incoming Request | RequestId: 17a7289d-4814-49ae-be1b-650accebb559 | Method: GET | URI: /v3/api-docs
2026-06-09 17:17:59 - INFO - [17a7289d-4814-49ae-be1b-650accebb559] - o.s.api.AbstractOpenApiResource - Init duration for springdoc-openapi is: 1541 ms
2026-06-09 17:17:59 - INFO - [17a7289d-4814-49ae-be1b-650accebb559] - c.s.f.RequestResponseLoggingFilter - Completed Request | RequestId: 17a7289d-4814-49ae-be1b-650accebb559 | Method: GET | URI: /v3/api-docs | Status: 200 | TimeTaken: 1633 ms
2026-06-09 17:18:32 - INFO - [35756466-0b5e-4fbf-a98d-d9e39622b6b2] - c.s.f.RequestResponseLoggingFilter - Incoming Request | RequestId: 35756466-0b5e-4fbf-a98d-d9e39622b6b2 | Method: POST | URI: /api/auth/forgot-password
2026-06-09 17:18:32 - INFO - [35756466-0b5e-4fbf-a98d-d9e39622b6b2] - c.s.f.RequestResponseLoggingFilter - Completed Request | RequestId: 35756466-0b5e-4fbf-a98d-d9e39622b6b2 | Method: POST | URI: /api/auth/forgot-password | Status: 200 | TimeTaken: 237 ms
2026-06-09 17:20:30 - INFO - [f3ffba40-52a8-40bc-a998-59f344599629] - c.s.f.RequestResponseLoggingFilter - Incoming Request | RequestId: f3ffba40-52a8-40bc-a998-59f344599629 | Method: POST | URI: /api/auth/reset-password
2026-06-09 17:20:31 - INFO - [f3ffba40-52a8-40bc-a998-59f344599629] - c.s.f.RequestResponseLoggingFilter - Completed Request | RequestId: f3ffba40-52a8-40bc-a998-59f344599629 | Method: POST | URI: /api/auth/reset-password | Status: 200 | TimeTaken: 403 ms
2026-06-09 17:21:07 - INFO - [2327058d-140c-4623-bbaa-717d89e3c740] - c.s.f.RequestResponseLoggingFilter - Incoming Request | RequestId: 2327058d-140c-4623-bbaa-717d89e3c740 | Method: POST | URI: /api/auth/login
2026-06-09 17:21:07 - INFO - [2327058d-140c-4623-bbaa-717d89e3c740] - com.smartwallet.service.AuthService - Login request received for email: admin@gmail.com
2026-06-09 17:21:07 - INFO - [2327058d-140c-4623-bbaa-717d89e3c740] - com.smartwallet.service.AuthService - Login successful for email: admin@gmail.com
2026-06-09 17:21:07 - INFO - [2327058d-140c-4623-bbaa-717d89e3c740] - c.s.f.RequestResponseLoggingFilter - Completed Request | RequestId: 2327058d-140c-4623-bbaa-717d89e3c740 | Method: POST | URI: /api/auth/login | Status: 200 | TimeTaken: 578 ms
